app/build/intermediates/manifest_merge_blame_file/debug/manifest-merger-blame-debug-report.txt
1<?xml version="1.0" encoding="utf-8"?>
2<manifest xmlns:android="http://schemas.android.com/apk/res/android"
3    package="com.devlomi.fireapp"
4    android:versionCode="24"
5    android:versionName="1.3.2" >
6
7    <uses-sdk
8        android:minSdkVersion="17"
8-->src/main/AndroidManifest.xml
9        android:targetSdkVersion="29" />
9-->src/main/AndroidManifest.xml
10
11    <!-- PERMISSIONS -->
12    <uses-permission android:name="android.permission.INTERNET" />
12-->src/main/AndroidManifest.xml:7:5-67
12-->src/main/AndroidManifest.xml:7:22-64
13    <uses-permission android:name="android.permission.ACCESS_NETWORK_STATE" />
13-->src/main/AndroidManifest.xml:8:5-79
13-->src/main/AndroidManifest.xml:8:22-76
14    <uses-permission android:name="android.permission.ACCESS_WIFI_STATE" />
14-->src/main/AndroidManifest.xml:9:5-76
14-->src/main/AndroidManifest.xml:9:22-73
15    <uses-permission android:name="android.permission.READ_CONTACTS" />
15-->src/main/AndroidManifest.xml:10:5-72
15-->src/main/AndroidManifest.xml:10:22-69
16    <uses-permission android:name="android.permission.READ_EXTERNAL_STORAGE" />
16-->src/main/AndroidManifest.xml:11:5-80
16-->src/main/AndroidManifest.xml:11:22-77
17    <uses-permission android:name="android.permission.WRITE_EXTERNAL_STORAGE" />
17-->src/main/AndroidManifest.xml:12:5-81
17-->src/main/AndroidManifest.xml:12:22-78
18    <uses-permission android:name="android.permission.CAMERA" />
18-->src/main/AndroidManifest.xml:13:5-65
18-->src/main/AndroidManifest.xml:13:22-62
19    <uses-permission android:name="android.permission.RECORD_AUDIO" />
19-->src/main/AndroidManifest.xml:14:5-71
19-->src/main/AndroidManifest.xml:14:22-68
20    <uses-permission android:name="android.permission.MODIFY_AUDIO_SETTINGS" />
20-->src/main/AndroidManifest.xml:15:5-80
20-->src/main/AndroidManifest.xml:15:22-77
21    <uses-permission android:name="android.permission.WAKE_LOCK" />
21-->src/main/AndroidManifest.xml:16:5-68
21-->src/main/AndroidManifest.xml:16:22-65
22    <uses-permission android:name="android.permission.ACCESS_COARSE_LOCATION" />
22-->src/main/AndroidManifest.xml:17:5-81
22-->src/main/AndroidManifest.xml:17:22-78
23    <uses-permission android:name="android.permission.ACCESS_FINE_LOCATION" />
23-->src/main/AndroidManifest.xml:18:5-79
23-->src/main/AndroidManifest.xml:18:22-76
24    <uses-permission android:name="android.permission.RECEIVE_BOOT_COMPLETED" />
24-->src/main/AndroidManifest.xml:19:5-81
24-->src/main/AndroidManifest.xml:19:22-78
25    <uses-permission android:name="android.permission.READ_PHONE_STATE" />
25-->src/main/AndroidManifest.xml:20:5-75
25-->src/main/AndroidManifest.xml:20:22-72
26    <uses-permission android:name="com.google.android.c2dm.permission.RECEIVE" />
26-->src/main/AndroidManifest.xml:21:5-82
26-->src/main/AndroidManifest.xml:21:22-79
27    <uses-permission android:name="android.permission.FOREGROUND_SERVICE" />
27-->src/main/AndroidManifest.xml:22:5-77
27-->src/main/AndroidManifest.xml:22:22-74
28    <uses-permission android:name="android.permission.USE_FULL_SCREEN_INTENT" />
28-->src/main/AndroidManifest.xml:23:5-81
28-->src/main/AndroidManifest.xml:23:22-78
29
30    <uses-feature
30-->src/main/AndroidManifest.xml:25:5-27:36
31        android:name="android.hardware.location.network"
31-->src/main/AndroidManifest.xml:26:9-57
32        android:required="false" />
32-->src/main/AndroidManifest.xml:27:9-33
33    <uses-feature
33-->src/main/AndroidManifest.xml:28:5-30:36
34        android:name="android.hardware.location.gps"
34-->src/main/AndroidManifest.xml:29:9-53
35        android:required="false" />
35-->src/main/AndroidManifest.xml:30:9-33
36
37    <uses-permission android:name="android.permission.USE_BIOMETRIC" />
37-->[androidx.biometric:biometric:1.0.1] AndroidManifest.xml:24:5-72
37-->[androidx.biometric:biometric:1.0.1] AndroidManifest.xml:24:22-69
38    <uses-permission android:name="android.permission.USE_FINGERPRINT" />
38-->[androidx.biometric:biometric:1.0.1] AndroidManifest.xml:25:5-74
38-->[androidx.biometric:biometric:1.0.1] AndroidManifest.xml:25:22-71
39
40    <uses-feature
40-->[com.google.android.gms:play-services-maps:17.0.0] AndroidManifest.xml:26:5-28:35
41        android:glEsVersion="0x00020000"
41-->[com.google.android.gms:play-services-maps:17.0.0] AndroidManifest.xml:27:9-41
42        android:required="true" /> <!-- for android -->
42-->[com.google.android.gms:play-services-maps:17.0.0] AndroidManifest.xml:28:9-32
43    <!-- <uses-permission android:name="com.android.launcher.permission.READ_SETTINGS"/> -->
44    <!-- <uses-permission android:name="com.android.launcher.permission.WRITE_SETTINGS"/> -->
45    <!-- <uses-permission android:name="com.android.launcher.permission.INSTALL_SHORTCUT" /> -->
46    <!-- <uses-permission android:name="com.android.launcher.permission.UNINSTALL_SHORTCUT" /> -->
47    <!-- for Samsung -->
48    <uses-permission android:name="com.sec.android.provider.badge.permission.READ" />
48-->[me.leolin:ShortcutBadger:1.1.22] AndroidManifest.xml:19:5-86
48-->[me.leolin:ShortcutBadger:1.1.22] AndroidManifest.xml:19:22-83
49    <uses-permission android:name="com.sec.android.provider.badge.permission.WRITE" /> <!-- for htc -->
49-->[me.leolin:ShortcutBadger:1.1.22] AndroidManifest.xml:20:5-87
49-->[me.leolin:ShortcutBadger:1.1.22] AndroidManifest.xml:20:22-84
50    <uses-permission android:name="com.htc.launcher.permission.READ_SETTINGS" />
50-->[me.leolin:ShortcutBadger:1.1.22] AndroidManifest.xml:23:5-81
50-->[me.leolin:ShortcutBadger:1.1.22] AndroidManifest.xml:23:22-78
51    <uses-permission android:name="com.htc.launcher.permission.UPDATE_SHORTCUT" /> <!-- for sony -->
51-->[me.leolin:ShortcutBadger:1.1.22] AndroidManifest.xml:24:5-83
51-->[me.leolin:ShortcutBadger:1.1.22] AndroidManifest.xml:24:22-80
52    <uses-permission android:name="com.sonyericsson.home.permission.BROADCAST_BADGE" />
52-->[me.leolin:ShortcutBadger:1.1.22] AndroidManifest.xml:27:5-88
52-->[me.leolin:ShortcutBadger:1.1.22] AndroidManifest.xml:27:22-85
53    <uses-permission android:name="com.sonymobile.home.permission.PROVIDER_INSERT_BADGE" /> <!-- for apex -->
53-->[me.leolin:ShortcutBadger:1.1.22] AndroidManifest.xml:28:5-92
53-->[me.leolin:ShortcutBadger:1.1.22] AndroidManifest.xml:28:22-89
54    <uses-permission android:name="com.anddoes.launcher.permission.UPDATE_COUNT" /> <!-- for solid -->
54-->[me.leolin:ShortcutBadger:1.1.22] AndroidManifest.xml:31:5-84
54-->[me.leolin:ShortcutBadger:1.1.22] AndroidManifest.xml:31:22-81
55    <uses-permission android:name="com.majeur.launcher.permission.UPDATE_BADGE" /> <!-- for huawei -->
55-->[me.leolin:ShortcutBadger:1.1.22] AndroidManifest.xml:34:5-83
55-->[me.leolin:ShortcutBadger:1.1.22] AndroidManifest.xml:34:22-80
56    <uses-permission android:name="com.huawei.android.launcher.permission.CHANGE_BADGE" />
56-->[me.leolin:ShortcutBadger:1.1.22] AndroidManifest.xml:37:5-91
56-->[me.leolin:ShortcutBadger:1.1.22] AndroidManifest.xml:37:22-88
57    <uses-permission android:name="com.huawei.android.launcher.permission.READ_SETTINGS" />
57-->[me.leolin:ShortcutBadger:1.1.22] AndroidManifest.xml:38:5-92
57-->[me.leolin:ShortcutBadger:1.1.22] AndroidManifest.xml:38:22-89
58    <uses-permission android:name="com.huawei.android.launcher.permission.WRITE_SETTINGS" /> <!-- for ZUK -->
58-->[me.leolin:ShortcutBadger:1.1.22] AndroidManifest.xml:39:5-93
58-->[me.leolin:ShortcutBadger:1.1.22] AndroidManifest.xml:39:22-90
59    <uses-permission android:name="android.permission.READ_APP_BADGE" /> <!-- for OPPO -->
59-->[me.leolin:ShortcutBadger:1.1.22] AndroidManifest.xml:42:5-73
59-->[me.leolin:ShortcutBadger:1.1.22] AndroidManifest.xml:42:22-70
60    <uses-permission android:name="com.oppo.launcher.permission.READ_SETTINGS" />
60-->[me.leolin:ShortcutBadger:1.1.22] AndroidManifest.xml:45:5-82
60-->[me.leolin:ShortcutBadger:1.1.22] AndroidManifest.xml:45:22-79
61    <uses-permission android:name="com.oppo.launcher.permission.WRITE_SETTINGS" /> <!-- for EvMe -->
61-->[me.leolin:ShortcutBadger:1.1.22] AndroidManifest.xml:46:5-83
61-->[me.leolin:ShortcutBadger:1.1.22] AndroidManifest.xml:46:22-80
62    <uses-permission android:name="me.everything.badger.permission.BADGE_COUNT_READ" />
62-->[me.leolin:ShortcutBadger:1.1.22] AndroidManifest.xml:49:5-88
62-->[me.leolin:ShortcutBadger:1.1.22] AndroidManifest.xml:49:22-85
63    <uses-permission android:name="me.everything.badger.permission.BADGE_COUNT_WRITE" />
63-->[me.leolin:ShortcutBadger:1.1.22] AndroidManifest.xml:50:5-89
63-->[me.leolin:ShortcutBadger:1.1.22] AndroidManifest.xml:50:22-86
64    <uses-permission android:name="com.google.android.finsky.permission.BIND_GET_INSTALL_REFERRER_SERVICE" />
64-->[com.google.android.gms:play-services-measurement:17.4.4] AndroidManifest.xml:26:5-110
64-->[com.google.android.gms:play-services-measurement:17.4.4] AndroidManifest.xml:26:22-107
65
66    <application
66-->src/main/AndroidManifest.xml:32:5-334:19
67        android:name="com.devlomi.fireapp.utils.MyApp"
67-->src/main/AndroidManifest.xml:33:9-36
68        android:allowBackup="false"
68-->src/main/AndroidManifest.xml:34:9-36
69        android:appComponentFactory="androidx.core.app.CoreComponentFactory"
69-->[androidx.core:core:1.3.0] AndroidManifest.xml:24:18-86
70        android:debuggable="true"
71        android:icon="@mipmap/ic_launcher"
71-->src/main/AndroidManifest.xml:35:9-43
72        android:label="@string/app_name"
72-->src/main/AndroidManifest.xml:36:9-41
73        android:requestLegacyExternalStorage="true"
73-->src/main/AndroidManifest.xml:37:9-52
74        android:roundIcon="@mipmap/ic_launcher_round"
74-->src/main/AndroidManifest.xml:38:9-54
75        android:supportsRtl="false"
75-->src/main/AndroidManifest.xml:39:9-36
76        android:testOnly="true"
77        android:theme="@style/AppTheme" >
77-->src/main/AndroidManifest.xml:40:9-40
78        <uses-library
78-->src/main/AndroidManifest.xml:44:9-46:40
79            android:name="org.apache.http.legacy"
79-->src/main/AndroidManifest.xml:45:13-50
80            android:required="false" />
80-->src/main/AndroidManifest.xml:46:13-37
81
82        <!-- ACTIVITIES -->
83
84        <activity
84-->src/main/AndroidManifest.xml:51:9-55:54
85            android:name="com.devlomi.fireapp.activities.LockscreenActivity"
85-->src/main/AndroidManifest.xml:52:13-58
86            android:launchMode="singleTask"
86-->src/main/AndroidManifest.xml:53:13-44
87            android:screenOrientation="portrait"
87-->src/main/AndroidManifest.xml:54:13-49
88            android:theme="@style/FullscreenTheme" />
88-->src/main/AndroidManifest.xml:55:13-51
89        <activity
89-->src/main/AndroidManifest.xml:57:9-62:71
90            android:name="com.devlomi.fireapp.activities.authentication.AuthenticationActivity"
90-->src/main/AndroidManifest.xml:58:13-77
91            android:exported="true"
91-->src/main/AndroidManifest.xml:59:13-36
92            android:screenOrientation="portrait"
92-->src/main/AndroidManifest.xml:60:13-49
93            android:theme="@style/AppTheme.NoActionBar"
93-->src/main/AndroidManifest.xml:61:13-56
94            android:windowSoftInputMode="stateVisible|adjustResize" />
94-->src/main/AndroidManifest.xml:62:13-68
95        <activity
95-->src/main/AndroidManifest.xml:63:9-66:59
96            android:name="com.devlomi.fireapp.activities.UpdateActivity"
96-->src/main/AndroidManifest.xml:64:13-54
97            android:screenOrientation="portrait"
97-->src/main/AndroidManifest.xml:65:13-49
98            android:theme="@style/AppTheme.NoActionBar" />
98-->src/main/AndroidManifest.xml:66:13-56
99        <activity
99-->src/main/AndroidManifest.xml:67:9-71:71
100            android:name="com.devlomi.fireapp.activities.TextStatusActivity"
100-->src/main/AndroidManifest.xml:68:13-58
101            android:screenOrientation="portrait"
101-->src/main/AndroidManifest.xml:69:13-49
102            android:theme="@style/AppTheme.Translucent"
102-->src/main/AndroidManifest.xml:70:13-56
103            android:windowSoftInputMode="stateVisible|adjustResize" />
103-->src/main/AndroidManifest.xml:71:13-68
104        <activity
104-->src/main/AndroidManifest.xml:72:9-76:59
105            android:name="com.devlomi.fireapp.activities.main.MainActivity"
105-->src/main/AndroidManifest.xml:73:13-57
106            android:launchMode="singleTop"
106-->src/main/AndroidManifest.xml:74:13-43
107            android:screenOrientation="portrait"
107-->src/main/AndroidManifest.xml:75:13-49
108            android:theme="@style/AppTheme.NoActionBar" />
108-->src/main/AndroidManifest.xml:76:13-56
109        <activity
109-->src/main/AndroidManifest.xml:77:9-79:52
110            android:name="com.devlomi.fireapp.activities.ShareGroupLinkActivity"
110-->src/main/AndroidManifest.xml:78:13-62
111            android:screenOrientation="portrait" />
111-->src/main/AndroidManifest.xml:79:13-49
112        <activity
112-->src/main/AndroidManifest.xml:80:9-88:20
113            android:name="com.devlomi.fireapp.activities.SplashActivity"
113-->src/main/AndroidManifest.xml:81:13-54
114            android:screenOrientation="portrait" >
114-->src/main/AndroidManifest.xml:82:13-49
115            <intent-filter>
115-->src/main/AndroidManifest.xml:83:13-87:29
116                <action android:name="android.intent.action.MAIN" />
116-->src/main/AndroidManifest.xml:84:17-69
116-->src/main/AndroidManifest.xml:84:25-66
117
118                <category android:name="android.intent.category.LAUNCHER" />
118-->src/main/AndroidManifest.xml:86:17-77
118-->src/main/AndroidManifest.xml:86:27-74
119            </intent-filter>
120        </activity>
121        <activity
121-->src/main/AndroidManifest.xml:89:9-92:59
122            android:name="com.devlomi.fireapp.activities.NewChatActivity"
122-->src/main/AndroidManifest.xml:90:13-55
123            android:screenOrientation="portrait"
123-->src/main/AndroidManifest.xml:91:13-49
124            android:theme="@style/AppTheme.NoActionBar" />
124-->src/main/AndroidManifest.xml:92:13-56
125        <activity
125-->src/main/AndroidManifest.xml:93:9-98:59
126            android:name="com.devlomi.fireapp.activities.main.messaging.ChatActivity"
126-->src/main/AndroidManifest.xml:94:13-67
127            android:label=""
127-->src/main/AndroidManifest.xml:95:13-29
128            android:parentActivityName="com.devlomi.fireapp.activities.main.MainActivity"
128-->src/main/AndroidManifest.xml:96:13-71
129            android:screenOrientation="portrait"
129-->src/main/AndroidManifest.xml:97:13-49
130            android:theme="@style/AppTheme.NoActionBar" />
130-->src/main/AndroidManifest.xml:98:13-56
131        <activity
131-->src/main/AndroidManifest.xml:99:9-103:54
132            android:name="com.devlomi.fireapp.activities.FullscreenActivity"
132-->src/main/AndroidManifest.xml:100:13-58
133            android:label=""
133-->src/main/AndroidManifest.xml:101:13-29
134            android:screenOrientation="portrait"
134-->src/main/AndroidManifest.xml:102:13-49
135            android:theme="@style/FullScreenTheme" />
135-->src/main/AndroidManifest.xml:103:13-51
136        <activity android:name="com.theartofdev.edmodo.cropper.CropImageActivity" />
136-->src/main/AndroidManifest.xml:104:9-85
136-->src/main/AndroidManifest.xml:104:19-82
137        <activity
137-->src/main/AndroidManifest.xml:105:9-107:39
138            android:name="com.devlomi.fireapp.activities.AgreePrivacyPolicyActivity"
138-->src/main/AndroidManifest.xml:106:13-66
139            android:exported="true" />
139-->src/main/AndroidManifest.xml:107:13-36
140        <activity
140-->src/main/AndroidManifest.xml:108:9-111:59
141            android:name="com.devlomi.fireapp.activities.CameraActivity"
141-->src/main/AndroidManifest.xml:109:13-54
142            android:screenOrientation="portrait"
142-->src/main/AndroidManifest.xml:110:13-49
143            android:theme="@style/AppTheme.NoActionBar" />
143-->src/main/AndroidManifest.xml:111:13-56
144        <activity
144-->src/main/AndroidManifest.xml:112:9-114:50
145            android:name="com.devlomi.fireapp.activities.ProfilePhotoDialog"
145-->src/main/AndroidManifest.xml:113:13-58
146            android:theme="@style/DialogTheme" />
146-->src/main/AndroidManifest.xml:114:13-47
147        <activity
147-->src/main/AndroidManifest.xml:115:9-179:20
148            android:name="com.devlomi.fireapp.activities.ForwardActivity"
148-->src/main/AndroidManifest.xml:116:13-55
149            android:launchMode="singleTop"
149-->src/main/AndroidManifest.xml:117:13-43
150            android:screenOrientation="portrait"
150-->src/main/AndroidManifest.xml:118:13-49
151            android:theme="@style/AppTheme.NoActionBar" >
151-->src/main/AndroidManifest.xml:119:13-56
152
153            <!-- these intent filters to receive data from other apps including images,videos,audio,contacts -->
154
155
156            <!-- receive text -->
157            <intent-filter>
157-->src/main/AndroidManifest.xml:125:13-131:29
158                <action android:name="android.intent.action.SEND" />
158-->src/main/AndroidManifest.xml:126:17-69
158-->src/main/AndroidManifest.xml:126:25-66
159
160                <category android:name="android.intent.category.DEFAULT" />
160-->src/main/AndroidManifest.xml:128:17-76
160-->src/main/AndroidManifest.xml:128:27-73
161
162                <data android:mimeType="text/plain" />
162-->src/main/AndroidManifest.xml:130:17-55
162-->src/main/AndroidManifest.xml:130:23-52
163            </intent-filter>
164
165            <!-- receive one image -->
166            <intent-filter>
166-->src/main/AndroidManifest.xml:134:13-140:29
167                <action android:name="android.intent.action.SEND" />
167-->src/main/AndroidManifest.xml:126:17-69
167-->src/main/AndroidManifest.xml:126:25-66
168
169                <category android:name="android.intent.category.DEFAULT" />
169-->src/main/AndroidManifest.xml:128:17-76
169-->src/main/AndroidManifest.xml:128:27-73
170
171                <data android:mimeType="image/*" />
171-->src/main/AndroidManifest.xml:130:17-55
171-->src/main/AndroidManifest.xml:130:23-52
172            </intent-filter>
173
174            <!-- receive multiple images -->
175
176            <intent-filter>
176-->src/main/AndroidManifest.xml:144:13-150:29
177                <action android:name="android.intent.action.SEND_MULTIPLE" />
177-->src/main/AndroidManifest.xml:145:17-78
177-->src/main/AndroidManifest.xml:145:25-75
178
179                <category android:name="android.intent.category.DEFAULT" />
179-->src/main/AndroidManifest.xml:128:17-76
179-->src/main/AndroidManifest.xml:128:27-73
180
181                <data android:mimeType="image/*" />
181-->src/main/AndroidManifest.xml:130:17-55
181-->src/main/AndroidManifest.xml:130:23-52
182            </intent-filter>
183
184            <!-- receive one video only -->
185
186            <intent-filter>
186-->src/main/AndroidManifest.xml:154:13-160:29
187                <action android:name="android.intent.action.SEND" />
187-->src/main/AndroidManifest.xml:126:17-69
187-->src/main/AndroidManifest.xml:126:25-66
188
189                <category android:name="android.intent.category.DEFAULT" />
189-->src/main/AndroidManifest.xml:128:17-76
189-->src/main/AndroidManifest.xml:128:27-73
190
191                <data android:mimeType="video/*" />
191-->src/main/AndroidManifest.xml:130:17-55
191-->src/main/AndroidManifest.xml:130:23-52
192            </intent-filter>
193
194            <!-- receive one audio -->
195            <intent-filter>
195-->src/main/AndroidManifest.xml:163:13-169:29
196                <action android:name="android.intent.action.SEND" />
196-->src/main/AndroidManifest.xml:126:17-69
196-->src/main/AndroidManifest.xml:126:25-66
197
198                <category android:name="android.intent.category.DEFAULT" />
198-->src/main/AndroidManifest.xml:128:17-76
198-->src/main/AndroidManifest.xml:128:27-73
199
200                <data android:mimeType="audio/*" />
200-->src/main/AndroidManifest.xml:130:17-55
200-->src/main/AndroidManifest.xml:130:23-52
201            </intent-filter>
202
203            <!-- receive contacts -->
204            <intent-filter>
204-->src/main/AndroidManifest.xml:172:13-178:29
205                <action android:name="android.intent.action.SEND" />
205-->src/main/AndroidManifest.xml:126:17-69
205-->src/main/AndroidManifest.xml:126:25-66
206
207                <category android:name="android.intent.category.DEFAULT" />
207-->src/main/AndroidManifest.xml:128:17-76
207-->src/main/AndroidManifest.xml:128:27-73
208
209                <data android:mimeType="text/x-vcard" />
209-->src/main/AndroidManifest.xml:130:17-55
209-->src/main/AndroidManifest.xml:130:23-52
210            </intent-filter>
211        </activity>
212        <activity
212-->src/main/AndroidManifest.xml:180:9-183:59
213            android:name="com.devlomi.fireapp.activities.UserDetailsActivity"
213-->src/main/AndroidManifest.xml:181:13-59
214            android:screenOrientation="portrait"
214-->src/main/AndroidManifest.xml:182:13-49
215            android:theme="@style/AppTheme.NoActionBar" />
215-->src/main/AndroidManifest.xml:183:13-56
216        <activity
216-->src/main/AndroidManifest.xml:184:9-187:59
217            android:name="com.devlomi.fireapp.activities.MediaGalleryActivity"
217-->src/main/AndroidManifest.xml:185:13-60
218            android:screenOrientation="portrait"
218-->src/main/AndroidManifest.xml:186:13-49
219            android:theme="@style/AppTheme.NoActionBar" />
219-->src/main/AndroidManifest.xml:187:13-56
220        <activity
220-->src/main/AndroidManifest.xml:188:9-190:52
221            android:name="com.devlomi.fireapp.activities.SelectContactNumbersActivity"
221-->src/main/AndroidManifest.xml:189:13-68
222            android:screenOrientation="portrait" />
222-->src/main/AndroidManifest.xml:190:13-49
223        <activity
223-->src/main/AndroidManifest.xml:191:9-193:52
224            android:name="com.devlomi.fireapp.activities.ContactDetailsActivity"
224-->src/main/AndroidManifest.xml:192:13-62
225            android:screenOrientation="portrait" />
225-->src/main/AndroidManifest.xml:193:13-49
226        <activity
226-->src/main/AndroidManifest.xml:194:9-199:52
227            android:name="com.devlomi.fireapp.activities.settings.SettingsActivity"
227-->src/main/AndroidManifest.xml:195:13-65
228            android:exported="true"
228-->src/main/AndroidManifest.xml:196:13-36
229            android:label="@string/title_activity_settings"
229-->src/main/AndroidManifest.xml:197:13-60
230            android:screenOrientation="portrait"
230-->src/main/AndroidManifest.xml:198:13-49
231            android:theme="@style/SettingsTheme" />
231-->src/main/AndroidManifest.xml:199:13-49
232        <activity
232-->src/main/AndroidManifest.xml:200:9-203:54
233            android:name="com.devlomi.fireapp.activities.ProfilePhotoActivity"
233-->src/main/AndroidManifest.xml:201:13-60
234            android:screenOrientation="portrait"
234-->src/main/AndroidManifest.xml:202:13-49
235            android:theme="@style/FullScreenTheme" />
235-->src/main/AndroidManifest.xml:203:13-51
236        <activity
236-->src/main/AndroidManifest.xml:204:9-207:58
237            android:name="com.devlomi.fireapp.activities.setup.SetupUserActivity"
237-->src/main/AndroidManifest.xml:205:13-63
238            android:screenOrientation="portrait"
238-->src/main/AndroidManifest.xml:206:13-49
239            android:windowSoftInputMode="adjustResize" />
239-->src/main/AndroidManifest.xml:207:13-55
240        <activity
240-->src/main/AndroidManifest.xml:208:9-210:59
241            android:name="com.devlomi.fireapp.activities.NewGroupActivity"
241-->src/main/AndroidManifest.xml:209:13-56
242            android:theme="@style/AppTheme.NoActionBar" />
242-->src/main/AndroidManifest.xml:210:13-56
243        <activity
243-->src/main/AndroidManifest.xml:211:9-215:70
244            android:name="com.devlomi.fireapp.activities.ViewStatusActivity"
244-->src/main/AndroidManifest.xml:212:13-58
245            android:screenOrientation="portrait"
245-->src/main/AndroidManifest.xml:213:13-49
246            android:theme="@style/FullscreenTheme"
246-->src/main/AndroidManifest.xml:214:13-51
247            android:windowSoftInputMode="stateHidden|adjustResize" />
247-->src/main/AndroidManifest.xml:215:13-67
248        <activity
248-->src/main/AndroidManifest.xml:216:9-224:20
249            android:name="com.devlomi.fireapp.activities.MyStatusActivity"
249-->src/main/AndroidManifest.xml:217:13-56
250            android:label="@string/title_activity_my_status"
250-->src/main/AndroidManifest.xml:218:13-61
251            android:parentActivityName="com.devlomi.fireapp.activities.main.MainActivity"
251-->src/main/AndroidManifest.xml:219:13-71
252            android:theme="@style/AppTheme.NoActionBar" >
252-->src/main/AndroidManifest.xml:220:13-56
253            <meta-data
253-->src/main/AndroidManifest.xml:221:13-223:84
254                android:name="android.support.PARENT_ACTIVITY"
254-->src/main/AndroidManifest.xml:222:17-63
255                android:value="com.devlomi.fireapp.activities.main.MainActivity" />
255-->src/main/AndroidManifest.xml:223:17-81
256        </activity>
257        <activity
257-->src/main/AndroidManifest.xml:226:9-229:59
258            android:name="com.devlomi.fireapp.activities.calling.CallingActivity"
258-->src/main/AndroidManifest.xml:227:13-63
259            android:screenOrientation="portrait"
259-->src/main/AndroidManifest.xml:228:13-49
260            android:theme="@style/AppTheme.NoActionBar" />
260-->src/main/AndroidManifest.xml:229:13-56
261        <activity
261-->src/main/AndroidManifest.xml:232:9-234:52
262            android:name="com.devlomi.fireapp.activities.NewCallActivity"
262-->src/main/AndroidManifest.xml:233:13-55
263            android:screenOrientation="portrait" />
263-->src/main/AndroidManifest.xml:234:13-49
264        <activity
264-->src/main/AndroidManifest.xml:235:9-254:20
265            android:name="com.devlomi.fireapp.activities.AcceptInviteLink"
265-->src/main/AndroidManifest.xml:236:13-56
266            android:screenOrientation="portrait"
266-->src/main/AndroidManifest.xml:237:13-49
267            android:theme="@style/DialogTheme" >
267-->src/main/AndroidManifest.xml:238:13-47
268            <intent-filter>
268-->src/main/AndroidManifest.xml:239:13-253:29
269                <action android:name="android.intent.action.VIEW" />
269-->src/main/AndroidManifest.xml:240:17-69
269-->src/main/AndroidManifest.xml:240:25-66
270
271                <category android:name="android.intent.category.DEFAULT" />
271-->src/main/AndroidManifest.xml:128:17-76
271-->src/main/AndroidManifest.xml:128:27-73
272                <category android:name="android.intent.category.BROWSABLE" />
272-->src/main/AndroidManifest.xml:243:17-78
272-->src/main/AndroidManifest.xml:243:27-75
273
274                <data
274-->src/main/AndroidManifest.xml:130:17-55
275                    android:host="@string/group_invite_host"
275-->src/main/AndroidManifest.xml:246:21-61
276                    android:pathPrefix="/"
276-->src/main/AndroidManifest.xml:247:21-43
277                    android:scheme="http" />
277-->src/main/AndroidManifest.xml:248:21-42
278                <data
278-->src/main/AndroidManifest.xml:130:17-55
279                    android:host="@string/group_invite_host"
279-->src/main/AndroidManifest.xml:246:21-61
280                    android:pathPrefix="/"
280-->src/main/AndroidManifest.xml:247:21-43
281                    android:scheme="https" />
281-->src/main/AndroidManifest.xml:248:21-42
282            </intent-filter>
283        </activity>
284        <activity
284-->src/main/AndroidManifest.xml:255:9-258:59
285            android:name="com.devlomi.fireapp.placespicker.PlacesPickerActivity"
285-->src/main/AndroidManifest.xml:256:13-62
286            android:screenOrientation="portrait"
286-->src/main/AndroidManifest.xml:257:13-49
287            android:theme="@style/AppTheme.NoActionBar" />
287-->src/main/AndroidManifest.xml:258:13-56
288        <activity
288-->src/main/AndroidManifest.xml:260:9-263:62
289            android:name="com.devlomi.fireapp.extensions.ExitAndRemoveFromRecentAppsDummyActivity"
289-->src/main/AndroidManifest.xml:261:13-80
290            android:screenOrientation="portrait"
290-->src/main/AndroidManifest.xml:262:13-49
291            android:theme="@android:style/Theme.NoDisplay" />
291-->src/main/AndroidManifest.xml:263:13-59
292
293        <!-- SERVICES -->
294        <service
294-->src/main/AndroidManifest.xml:266:9-268:72
295            android:name="com.devlomi.fireapp.job.NetworkJobService"
295-->src/main/AndroidManifest.xml:267:13-50
296            android:permission="android.permission.BIND_JOB_SERVICE" />
296-->src/main/AndroidManifest.xml:268:13-69
297        <service
297-->src/main/AndroidManifest.xml:269:9-271:72
298            android:name="com.devlomi.fireapp.job.SaveTokenJob"
298-->src/main/AndroidManifest.xml:270:13-45
299            android:permission="android.permission.BIND_JOB_SERVICE" />
299-->src/main/AndroidManifest.xml:271:13-69
300        <service
300-->src/main/AndroidManifest.xml:272:9-274:72
301            android:name="com.devlomi.fireapp.job.SetLastSeenJob"
301-->src/main/AndroidManifest.xml:273:13-47
302            android:permission="android.permission.BIND_JOB_SERVICE" /> <!-- <service -->
302-->src/main/AndroidManifest.xml:274:13-69
303        <service
303-->src/main/AndroidManifest.xml:275:9-282:19
304            android:name="com.devlomi.fireapp.services.MyFCMService"
304-->src/main/AndroidManifest.xml:276:13-50
305            android:enabled="true"
305-->src/main/AndroidManifest.xml:277:13-35
306            android:exported="false" >
306-->src/main/AndroidManifest.xml:278:13-37
307            <intent-filter>
307-->src/main/AndroidManifest.xml:279:13-281:29